app/build/outputs/logs/manifest-merger-debug-report.txt
-- Merging decision tree log ---
manifest
ADDED from src/main/AndroidManifest.xml:2:1-86:12
	package
		ADDED from src/main/AndroidManifest.xml:3:5-36
		INJECTED from src/main/AndroidManifest.xml
		INJECTED from src/main/AndroidManifest.xml
	android:versionName
		INJECTED from src/main/AndroidManifest.xml
		INJECTED from src/main/AndroidManifest.xml
	xmlns:android
		ADDED from src/main/AndroidManifest.xml:2:11-69
	android:versionCode
		INJECTED from src/main/AndroidManifest.xml
		INJECTED from src/main/AndroidManifest.xml
uses-permission#android.permission.INTERNET
ADDED from src/main/AndroidManifest.xml:5:5-67
	android:name
		ADDED from src/main/AndroidManifest.xml:5:22-64
uses-permission#android.permission.ACCESS_NETWORK_STATE
ADDED from src/main/AndroidManifest.xml:6:5-79
	android:name
		ADDED from src/main/AndroidManifest.xml:6:22-76
application
ADDED from src/main/AndroidManifest.xml:8:5-84:19
MERGED from [com.android.support:design:23.1.1] AndroidManifest.xml:22:5-20
MERGED from [com.facebook.android:facebook-login:4.29.0] AndroidManifest.xml:28:5-29:19
MERGED from [com.facebook.android:facebook-common:4.29.0] AndroidManifest.xml:28:5-34:19
MERGED from [com.facebook.android:facebook-core:4.29.0] AndroidManifest.xml:28:5-43:19
MERGED from [android.arch.lifecycle:runtime:1.0.0] AndroidManifest.xml:24:5-28:19
MERGED from [com.android.support.constraint:constraint-layout:1.0.2] AndroidManifest.xml:9:5-20
	android:label
		ADDED from src/main/AndroidManifest.xml:11:9-41
	android:supportsRtl
		ADDED from src/main/AndroidManifest.xml:12:9-35
	android:allowBackup
		ADDED from src/main/AndroidManifest.xml:9:9-35
	android:icon
		ADDED from src/main/AndroidManifest.xml:10:9-39
	android:theme
		ADDED from src/main/AndroidManifest.xml:13:9-40
activity#com.amazonaws.fitness.MainActivity
ADDED from src/main/AndroidManifest.xml:14:9-22:20
	android:theme
		ADDED from src/main/AndroidManifest.xml:16:13-56
	android:name
		ADDED from src/main/AndroidManifest.xml:15:13-41
intent-filter#android.intent.action.MAIN+android.intent.category.LAUNCHER
ADDED from src/main/AndroidManifest.xml:17:13-21:29
action#android.intent.action.MAIN
ADDED from src/main/AndroidManifest.xml:18:17-69
	android:name
		ADDED from src/main/AndroidManifest.xml:18:25-66
category#android.intent.category.LAUNCHER
ADDED from src/main/AndroidManifest.xml:20:17-77
	android:name
		ADDED from src/main/AndroidManifest.xml:20:27-74
activity#com.amazonaws.fitness.BodyActivity
ADDED from src/main/AndroidManifest.xml:23:9-26:59
	android:label
		ADDED from src/main/AndroidManifest.xml:25:13-56
	android:theme
		ADDED from src/main/AndroidManifest.xml:26:13-56
	android:name
		ADDED from src/main/AndroidManifest.xml:24:13-41
activity#com.amazonaws.fitness.RegisterUser
ADDED from src/main/AndroidManifest.xml:27:9-29:59
	android:theme
		ADDED from src/main/AndroidManifest.xml:29:13-56
	android:name
		ADDED from src/main/AndroidManifest.xml:28:13-41
activity#com.amazonaws.fitness.SignUpConfirm
ADDED from src/main/AndroidManifest.xml:30:9-33:59
	android:label
		ADDED from src/main/AndroidManifest.xml:32:13-67
	android:theme
		ADDED from src/main/AndroidManifest.xml:33:13-56
	android:name
		ADDED from src/main/AndroidManifest.xml:31:13-42
activity#com.amazonaws.fitness.ForgotPasswordActivity
ADDED from src/main/AndroidManifest.xml:34:9-37:59
	android:label
		ADDED from src/main/AndroidManifest.xml:36:13-67
	android:theme
		ADDED from src/main/AndroidManifest.xml:37:13-56
	android:name
		ADDED from src/main/AndroidManifest.xml:35:13-51
activity#com.amazonaws.fitness.SettingsActivity
ADDED from src/main/AndroidManifest.xml:38:9-41:59
	android:label
		ADDED from src/main/AndroidManifest.xml:40:13-60
	android:theme
		ADDED from src/main/AndroidManifest.xml:41:13-56
	android:name
		ADDED from src/main/AndroidManifest.xml:39:13-45
activity#com.amazonaws.fitness.ChangePasswordActivity
ADDED from src/main/AndroidManifest.xml:42:9-45:59
	android:label
		ADDED from src/main/AndroidManifest.xml:44:13-67
	android:theme
		ADDED from src/main/AndroidManifest.xml:45:13-56
	android:name
		ADDED from src/main/AndroidManifest.xml:43:13-51
activity#com.amazonaws.fitness.VerifyActivity
ADDED from src/main/AndroidManifest.xml:46:9-49:59
	android:label
		ADDED from src/main/AndroidManifest.xml:48:13-58
	android:theme
		ADDED from src/main/AndroidManifest.xml:49:13-56
	android:name
		ADDED from src/main/AndroidManifest.xml:47:13-43
activity#com.amazonaws.fitness.AddAttributeActivity
ADDED from src/main/AndroidManifest.xml:50:9-53:59
	android:label
		ADDED from src/main/AndroidManifest.xml:52:13-65
	android:theme
		ADDED from src/main/AndroidManifest.xml:53:13-56
	android:name
		ADDED from src/main/AndroidManifest.xml:51:13-49
activity#com.amazonaws.fitness.NewPassword
ADDED from src/main/AndroidManifest.xml:54:9-57:59
	android:label
		ADDED from src/main/AndroidManifest.xml:56:13-64
	android:theme
		ADDED from src/main/AndroidManifest.xml:57:13-56
	android:name
		ADDED from src/main/AndroidManifest.xml:55:13-40
activity#com.amazonaws.fitness.fitnessjournal.Body
ADDED from src/main/AndroidManifest.xml:58:9-61:59
	android:label
		ADDED from src/main/AndroidManifest.xml:60:13-33
	android:theme
		ADDED from src/main/AndroidManifest.xml:61:13-56
	android:name
		ADDED from src/main/AndroidManifest.xml:59:13-48
activity#com.amazonaws.fitness.fitnessjournal.body_back
ADDED from src/main/AndroidManifest.xml:62:9-65:59
	android:label
		ADDED from src/main/AndroidManifest.xml:64:13-38
	android:theme
		ADDED from src/main/AndroidManifest.xml:65:13-56
	android:name
		ADDED from src/main/AndroidManifest.xml:63:13-53
activity#com.amazonaws.fitness.BodyPartActivity
ADDED from src/main/AndroidManifest.xml:66:9-69:59
	android:label
		ADDED from src/main/AndroidManifest.xml:68:13-34
	android:theme
		ADDED from src/main/AndroidManifest.xml:69:13-56
	android:name
		ADDED from src/main/AndroidManifest.xml:67:13-45
activity#com.amazonaws.fitness.fitnessjournal.dumbbellpress
ADDED from src/main/AndroidManifest.xml:70:9-73:59
	android:label
		ADDED from src/main/AndroidManifest.xml:72:13-33
	android:theme
		ADDED from src/main/AndroidManifest.xml:73:13-56
	android:name
		ADDED from src/main/AndroidManifest.xml:71:13-57
activity#com.amazonaws.fitness.ExcerciseActivity
ADDED from src/main/AndroidManifest.xml:74:9-55
	android:name
		ADDED from src/main/AndroidManifest.xml:74:19-52
meta-data#com.facebook.sdk.ApplicationId
ADDED from src/main/AndroidManifest.xml:76:9-78:55
	android:value
		ADDED from src/main/AndroidManifest.xml:78:13-52
	android:name
		ADDED from src/main/AndroidManifest.xml:77:13-58
activity#com.amazonaws.fitness.JournalActivity
ADDED from src/main/AndroidManifest.xml:80:9-53
	android:name
		ADDED from src/main/AndroidManifest.xml:80:19-50
activity#com.amazonaws.fitness.MacrosActivity
ADDED from src/main/AndroidManifest.xml:81:9-52
	android:name
		ADDED from src/main/AndroidManifest.xml:81:19-49
activity#com.amazonaws.fitness.TimerActivity
ADDED from src/main/AndroidManifest.xml:82:9-51
	android:name
		ADDED from src/main/AndroidManifest.xml:82:19-48
activity#com.amazonaws.fitness.TimerListActivity
ADDED from src/main/AndroidManifest.xml:83:9-64
	android:name
		ADDED from src/main/AndroidManifest.xml:83:19-52
uses-sdk
INJECTED from src/main/AndroidManifest.xml reason: use-sdk injection requested
MERGED from [com.android.support:design:23.1.1] AndroidManifest.xml:20:5-43
MERGED from [com.android.support:recyclerview-v7:23.4.0] AndroidManifest.xml:20:5-43
MERGED from [com.facebook.android:facebook-login:4.29.0] AndroidManifest.xml:24:5-26:41
MERGED from [com.facebook.android:facebook-common:4.29.0] AndroidManifest.xml:24:5-26:41
MERGED from [com.facebook.android:facebook-core:4.29.0] AndroidManifest.xml:24:5-26:41
MERGED from [com.android.support:appcompat-v7:27.0.1] AndroidManifest.xml:20:5-44
MERGED from [com.android.support:animated-vector-drawable:27.0.1] AndroidManifest.xml:20:5-44
MERGED from [com.android.support:support-vector-drawable:27.0.1] AndroidManifest.xml:20:5-44
MERGED from [com.android.support:cardview-v7:27.0.1] AndroidManifest.xml:20:5-44
MERGED from [com.android.support:customtabs:27.0.1] AndroidManifest.xml:20:5-44
MERGED from [com.android.support:support-v4:27.0.1] AndroidManifest.xml:20:5-44
MERGED from [com.android.support:support-media-compat:27.0.1] AndroidManifest.xml:20:5-44
MERGED from [com.android.support:support-fragment:27.0.1] AndroidManifest.xml:20:5-44
MERGED from [com.android.support:support-core-ui:27.0.1] AndroidManifest.xml:20:5-44
MERGED from [com.android.support:support-core-utils:27.0.1] AndroidManifest.xml:20:5-44
MERGED from [com.android.support:support-compat:27.0.1] AndroidManifest.xml:20:5-44
MERGED from [android.arch.lifecycle:runtime:1.0.0] AndroidManifest.xml:20:5-22:41
MERGED from [com.android.support.constraint:constraint-layout:1.0.2] AndroidManifest.xml:5:5-7:41
	android:targetSdkVersion
		INJECTED from src/main/AndroidManifest.xml
		INJECTED from src/main/AndroidManifest.xml
	android:minSdkVersion
		INJECTED from src/main/AndroidManifest.xml
		INJECTED from src/main/AndroidManifest.xml
activity#com.facebook.FacebookActivity
ADDED from [com.facebook.android:facebook-common:4.29.0] AndroidManifest.xml:29:9-32:66
	android:configChanges
		ADDED from [com.facebook.android:facebook-common:4.29.0] AndroidManifest.xml:31:13-96
	android:theme
		ADDED from [com.facebook.android:facebook-common:4.29.0] AndroidManifest.xml:32:13-63
	android:name
		ADDED from [com.facebook.android:facebook-common:4.29.0] AndroidManifest.xml:30:13-57
activity#com.facebook.CustomTabMainActivity
ADDED from [com.facebook.android:facebook-common:4.29.0] AndroidManifest.xml:33:9-71
	android:name
		ADDED from [com.facebook.android:facebook-common:4.29.0] AndroidManifest.xml:33:19-68
provider#com.facebook.internal.FacebookInitProvider
ADDED from [com.facebook.android:facebook-core:4.29.0] AndroidManifest.xml:39:9-42:40
	android:authorities
		ADDED from [com.facebook.android:facebook-core:4.29.0] AndroidManifest.xml:41:13-72
	android:exported
		ADDED from [com.facebook.android:facebook-core:4.29.0] AndroidManifest.xml:42:13-37
	android:name
		ADDED from [com.facebook.android:facebook-core:4.29.0] AndroidManifest.xml:40:13-70
meta-data#android.arch.lifecycle.VERSION
ADDED from [android.arch.lifecycle:runtime:1.0.0] AndroidManifest.xml:25:9-27:47
	android:value
		ADDED from [android.arch.lifecycle:runtime:1.0.0] AndroidManifest.xml:27:13-44
	android:name
		ADDED from [android.arch.lifecycle:runtime:1.0.0] AndroidManifest.xml:26:13-58